<?xml version="1.0" encoding="UTF-8"?>
<testng-results total="1" passed="1" failed="0" skipped="0">
  <reporter-output>
  </reporter-output>
  <suite started-at="2018-03-04T03:43:42Z" name="Default suite" finished-at="2018-03-04T03:43:43Z" duration-ms="596">
    <groups>
      <group name="cucumber">
        <method signature="AbstractTestNGCucumberTests.run_cukes()[pri:0, instance:runner_cukes.TestRunner@76ed1b7c]" name="run_cukes" class="cucumber.api.testng.AbstractTestNGCucumberTests"/>
      </group> <!-- cucumber -->
    </groups>
    <test started-at="2018-03-04T03:43:42Z" name="Default test" finished-at="2018-03-04T03:43:43Z" duration-ms="596">
      <class name="runner_cukes.TestRunner">
        <test-method signature="run_cukes()[pri:0, instance:runner_cukes.TestRunner@76ed1b7c]" started-at="2018-03-03T22:43:42Z" name="run_cukes" description="Runs Cucumber Features" finished-at="2018-03-03T22:43:43Z" duration-ms="545" status="PASS">
          <reporter-output>
          </reporter-output>
        </test-method> <!-- run_cukes -->
      </class> <!-- runner_cukes.TestRunner -->
    </test> <!-- Default test -->
  </suite> <!-- Default suite -->
</testng-results>
